<?xml version="1.0" encoding="UTF-8" standalone="yes" ?>
<test-results name="C:\Users\rafpe\Exercism\delphi\high-scores\HighScores.exe" total="11" errors="0" failures="0" ignored="0" inconclusive="0" not-run="0" skipped="0" invalid="0" date="2025-10-11" time="18:43:18">
  <culture-info current-culture="en" current-uiculture="en" />
  <test-suite type="Assembly" name="HighScores.exe" executed="true" result="Success" success="True" time="18:43:18" asserts="0">
    <results>
        <test-suite type="Namespace" name="uHighScoresTests" executed="true" result="Success" success="True" time="0.002" asserts="0" >
          <results>
              <test-suite type="Fixture" name="THighScoresTest" executed="True" result="Success" success="True" time="0.002" >
                <results>
                  <test-case name="List_of_scores" executed="True" result="Success" success="True" time="0.000" asserts="0" />
                  <test-case name="Latest_score" executed="True" result="Success" success="True" time="0.000" asserts="0" />
                  <test-case name="Personal_best" executed="True" result="Success" success="True" time="0.000" asserts="0" />
                  <test-case name="Personal_top_three_from_a_list_of_scores" executed="True" result="Success" success="True" time="0.000" asserts="0" />
                  <test-case name="Personal_top_highest_to_lowest" executed="True" result="Success" success="True" time="0.000" asserts="0" />
                  <test-case name="Personal_top_when_there_is_a_tie" executed="True" result="Success" success="True" time="0.000" asserts="0" />
                  <test-case name="Personal_top_when_there_are_less_than_3" executed="True" result="Success" success="True" time="0.000" asserts="0" />
                  <test-case name="Personal_top_when_there_is_only_one" executed="True" result="Success" success="True" time="0.000" asserts="0" />
                  <test-case name="Message_for_new_personal_best" executed="True" result="Success" success="True" time="0.000" asserts="0" />
                  <test-case name="Message_when_latest_score_is_not_the_highest_score" executed="True" result="Success" success="True" time="0.000" asserts="0" />
                  <test-case name="Message_for_repeated_personal_best" executed="True" result="Success" success="True" time="0.000" asserts="0" />
                </results>
              </test-suite>
          </results>
        </test-suite>
    </results>
  </test-suite>
</test-results>
