<?xml version="1.0" encoding="UTF-8" standalone="yes" ?>
<test-results name="C:\Users\rafpe\Exercism\delphi\triangle\Triangle.exe" total="19" errors="0" failures="0" ignored="0" inconclusive="0" not-run="0" skipped="0" invalid="0" date="2025-10-16" time="07:24:37">
  <culture-info current-culture="en" current-uiculture="en" />
  <test-suite type="Assembly" name="Triangle.exe" executed="true" result="Success" success="True" time="07:24:37" asserts="0">
    <results>
        <test-suite type="Namespace" name="uTriangleTests" executed="true" result="Success" success="True" time="0.003" asserts="0" >
          <results>
              <test-suite type="Fixture" name="Equilateral Triangle" executed="True" result="Success" success="True" time="0.001" >
                <results>
                  <test-case name="AllSidesAreEqual" executed="True" result="Success" success="True" time="0.000" asserts="0" />
                  <test-case name="AnySideIsUnequal" executed="True" result="Success" success="True" time="0.000" asserts="0" />
                  <test-case name="NoSidesAreEqual" executed="True" result="Success" success="True" time="0.000" asserts="0" />
                  <test-case name="AllZeroSidesIsNotATriangle" executed="True" result="Success" success="True" time="0.000" asserts="0" />
                  <test-case name="Sides_may_be_floats" executed="True" result="Success" success="True" time="0.000" asserts="0" />
                </results>
              </test-suite>
              <test-suite type="Fixture" name="Isosceles Triangle" executed="True" result="Success" success="True" time="0.002" >
                <results>
                  <test-case name="LastTwoSidesAreEqual" executed="True" result="Success" success="True" time="0.000" asserts="0" />
                  <test-case name="FirstTwoSidesAreEqual" executed="True" result="Success" success="True" time="0.000" asserts="0" />
                  <test-case name="FirstAndLastSidesAreEqual" executed="True" result="Success" success="True" time="0.000" asserts="0" />
                  <test-case name="EquilateralTrianglesAreAlsoIsosceles" executed="True" result="Success" success="True" time="0.000" asserts="0" />
                  <test-case name="NoSidesAreEqual" executed="True" result="Success" success="True" time="0.000" asserts="0" />
                  <test-case name="FirstTriangleInequalityViolation" executed="True" result="Success" success="True" time="0.000" asserts="0" />
                  <test-case name="SecondTriangleInequalityViolation" executed="True" result="Success" success="True" time="0.000" asserts="0" />
                  <test-case name="ThirdTriangleInequalityViolation" executed="True" result="Success" success="True" time="0.000" asserts="0" />
                  <test-case name="Sides_may_be_floats" executed="True" result="Success" success="True" time="0.000" asserts="0" />
                </results>
              </test-suite>
              <test-suite type="Fixture" name="Scalene Triangle" executed="True" result="Success" success="True" time="0.001" >
                <results>
                  <test-case name="NoSidesAreEqual" executed="True" result="Success" success="True" time="0.000" asserts="0" />
                  <test-case name="AllSidesAreEqual" executed="True" result="Success" success="True" time="0.000" asserts="0" />
                  <test-case name="TwoSidesAreEqual" executed="True" result="Success" success="True" time="0.000" asserts="0" />
                  <test-case name="MayNotViolateTriangleInequality" executed="True" result="Success" success="True" time="0.000" asserts="0" />
                  <test-case name="Sides_may_be_floats" executed="True" result="Success" success="True" time="0.000" asserts="0" />
                </results>
              </test-suite>
          </results>
        </test-suite>
    </results>
  </test-suite>
</test-results>
