<?xml version="1.0" encoding="UTF-8" standalone="yes" ?>
<test-results name="C:\Users\rafpe\Exercism\delphi\prime-factors\PrimeFactors.exe" total="7" errors="0" failures="0" ignored="0" inconclusive="0" not-run="0" skipped="0" invalid="0" date="2025-10-16" time="07:44:31">
  <culture-info current-culture="en" current-uiculture="en" />
  <test-suite type="Assembly" name="PrimeFactors.exe" executed="true" result="Success" success="True" time="07:44:31" asserts="0">
    <results>
        <test-suite type="Namespace" name="uPrimeFactorsTests" executed="true" result="Success" success="True" time="0.006" asserts="0" >
          <results>
              <test-suite type="Fixture" name="TPrimeFactorsTest" executed="True" result="Success" success="True" time="0.006" >
                <results>
                  <test-case name="no_factors" executed="True" result="Success" success="True" time="0.000" asserts="0" />
                  <test-case name="prime_number" executed="True" result="Success" success="True" time="0.000" asserts="0" />
                  <test-case name="square_of_a_prime" executed="True" result="Success" success="True" time="0.000" asserts="0" />
                  <test-case name="cube_of_a_prime" executed="True" result="Success" success="True" time="0.000" asserts="0" />
                  <test-case name="product_of_primes_and_non_primes" executed="True" result="Success" success="True" time="0.000" asserts="0" />
                  <test-case name="product_of_primes" executed="True" result="Success" success="True" time="0.000" asserts="0" />
                  <test-case name="factors_include_a_large_prime" executed="True" result="Success" success="True" time="0.000" asserts="0" />
                </results>
              </test-suite>
          </results>
        </test-suite>
    </results>
  </test-suite>
</test-results>
