<?xml version="1.0" encoding="UTF-8" standalone="yes" ?>
<test-results name="C:\Users\rafpe\Exercism\delphi\rotational-cipher\RotationalCipher.exe" total="13" errors="0" failures="0" ignored="0" inconclusive="0" not-run="0" skipped="0" invalid="0" date="2025-10-12" time="09:28:31">
  <culture-info current-culture="en" current-uiculture="en" />
  <test-suite type="Assembly" name="RotationalCipher.exe" executed="true" result="Success" success="True" time="09:28:31" asserts="0">
    <results>
        <test-suite type="Namespace" name="uRotationalCipherTests" executed="true" result="Success" success="True" time="0.002" asserts="0" >
          <results>
              <test-suite type="Fixture" name="Test rotation from English to ROTn" executed="True" result="Success" success="True" time="0.002" >
                <results>
                  <test-case name="rotate_a_by_0_same_output_as_input" executed="True" result="Success" success="True" time="0.000" asserts="0" />
                  <test-case name="rotate_a_by_1" executed="True" result="Success" success="True" time="0.000" asserts="0" />
                  <test-case name="rotate_a_by_26_same_output_as_input" executed="True" result="Success" success="True" time="0.000" asserts="0" />
                  <test-case name="rotate_m_by_13" executed="True" result="Success" success="True" time="0.000" asserts="0" />
                  <test-case name="rotate_n_by_13_with_wrap_around_alphabet" executed="True" result="Success" success="True" time="0.000" asserts="0" />
                  <test-case name="rotate_capital_letters" executed="True" result="Success" success="True" time="0.000" asserts="0" />
                  <test-case name="rotate_spaces" executed="True" result="Success" success="True" time="0.000" asserts="0" />
                  <test-case name="rotate_numbers" executed="True" result="Success" success="True" time="0.000" asserts="0" />
                  <test-case name="rotate_punctuation" executed="True" result="Success" success="True" time="0.000" asserts="0" />
                  <test-case name="rotate_all_letters" executed="True" result="Success" success="True" time="0.000" asserts="0" />
                  <test-case name="rotate_m_by_negative_1" executed="True" result="Success" success="True" time="0.000" asserts="0" />
                  <test-case name="rotate_A_by_negative_2" executed="True" result="Success" success="True" time="0.000" asserts="0" />
                  <test-case name="rotate_letters_by_negative_26" executed="True" result="Success" success="True" time="0.000" asserts="0" />
                </results>
              </test-suite>
          </results>
        </test-suite>
    </results>
  </test-suite>
</test-results>
