<?xml version="1.0" encoding="UTF-8" standalone="yes" ?>
<test-results name="C:\Users\rafpe\Exercism\delphi\robot-name\RobotName.exe" total="4" errors="0" failures="0" ignored="0" inconclusive="0" not-run="0" skipped="0" invalid="0" date="2025-10-12" time="02:25:41">
  <culture-info current-culture="en" current-uiculture="en" />
  <test-suite type="Assembly" name="RobotName.exe" executed="true" result="Success" success="True" time="02:25:41" asserts="0">
    <results>
        <test-suite type="Namespace" name="uRobotNameTests" executed="true" result="Success" success="True" time="4.740" asserts="0" >
          <results>
              <test-suite type="Fixture" name="TRobotNameTest" executed="True" result="Success" success="True" time="4.740" >
                <results>
                  <test-case name="name_properly_formated" executed="True" result="Success" success="True" time="0.000" asserts="0" />
                  <test-case name="is_name_persistent" executed="True" result="Success" success="True" time="0.000" asserts="0" />
                  <test-case name="is_able_to_reset_name" executed="True" result="Success" success="True" time="0.022" asserts="0" />
                  <test-case name="each_robot_have_unique_name" executed="True" result="Success" success="True" time="4.004" asserts="0" />
                </results>
              </test-suite>
          </results>
        </test-suite>
    </results>
  </test-suite>
</test-results>
