<?xml version="1.0" encoding="UTF-8" standalone="yes" ?>
<test-results name="C:\Users\rafpe\Exercism\delphi\hello-world\HelloWorld.exe" total="1" errors="0" failures="0" ignored="0" inconclusive="0" not-run="0" skipped="0" invalid="0" date="2025-10-09" time="22:11:30">
  <culture-info current-culture="en" current-uiculture="en" />
  <test-suite type="Assembly" name="HelloWorld.exe" executed="true" result="Success" success="True" time="22:11:30" asserts="0">
    <results>
        <test-suite type="Namespace" name="uHelloWorldTests" executed="true" result="Success" success="True" time="0.001" asserts="0" >
          <results>
              <test-suite type="Fixture" name="HelloWorldTest" executed="True" result="Success" success="True" time="0.001" >
                <results>
                  <test-case name="Say_hi" executed="True" result="Success" success="True" time="0.000" asserts="0" />
                </results>
              </test-suite>
          </results>
        </test-suite>
    </results>
  </test-suite>
</test-results>
