<?xml version="1.0" encoding="UTF-8" standalone="yes" ?>
<test-results name="C:\Users\rafpe\Exercism\delphi\resistor-color\ResistorColor.exe" total="4" errors="0" failures="0" ignored="0" inconclusive="0" not-run="0" skipped="0" invalid="0" date="2025-10-11" time="10:17:49">
  <culture-info current-culture="en" current-uiculture="en" />
  <test-suite type="Assembly" name="ResistorColor.exe" executed="true" result="Success" success="True" time="10:17:49" asserts="0">
    <results>
        <test-suite type="Namespace" name="uResistorColorTests" executed="true" result="Success" success="True" time="0.001" asserts="0" >
          <results>
              <test-suite type="Fixture" name="Color Codes" executed="True" result="Success" success="True" time="0.001" >
                <results>
                  <test-case name="Black" executed="True" result="Success" success="True" time="0.000" asserts="0" />
                  <test-case name="White" executed="True" result="Success" success="True" time="0.000" asserts="0" />
                  <test-case name="Orange" executed="True" result="Success" success="True" time="0.000" asserts="0" />
                </results>
              </test-suite>
              <test-suite type="Fixture" name="Colors" executed="True" result="Success" success="True" time="0.000" >
                <results>
                  <test-case name="Colors" executed="True" result="Success" success="True" time="0.000" asserts="0" />
                </results>
              </test-suite>
          </results>
        </test-suite>
    </results>
  </test-suite>
</test-results>
