<?xml version="1.0" encoding="UTF-8" standalone="yes" ?>
<test-results name="C:\Users\rafpe\Exercism\delphi\tournament\Tournament.exe" total="11" errors="0" failures="0" ignored="0" inconclusive="0" not-run="0" skipped="0" invalid="0" date="2025-10-14" time="10:13:03">
  <culture-info current-culture="en" current-uiculture="en" />
  <test-suite type="Assembly" name="Tournament.exe" executed="true" result="Success" success="True" time="10:13:03" asserts="0">
    <results>
        <test-suite type="Namespace" name="uTournamentTests" executed="true" result="Success" success="True" time="0.003" asserts="0" >
          <results>
              <test-suite type="Fixture" name="TMyTestObject" executed="True" result="Success" success="True" time="0.003" >
                <results>
                  <test-case name="just_the_header_if_no_input" executed="True" result="Success" success="True" time="0.000" asserts="0" />
                  <test-case name="win_is_three_points_a_loss_is_zero_points" executed="True" result="Success" success="True" time="0.000" asserts="0" />
                  <test-case name="win_can_also_be_expressed_as_a_loss" executed="True" result="Success" success="True" time="0.000" asserts="0" />
                  <test-case name="different_team_can_win" executed="True" result="Success" success="True" time="0.000" asserts="0" />
                  <test-case name="draw_is_one_point_each" executed="True" result="Success" success="True" time="0.000" asserts="0" />
                  <test-case name="There_can_be_more_than_one_match" executed="True" result="Success" success="True" time="0.000" asserts="0" />
                  <test-case name="There_can_be_more_than_one_winner" executed="True" result="Success" success="True" time="0.000" asserts="0" />
                  <test-case name="There_can_be_more_than_two_teams" executed="True" result="Success" success="True" time="0.000" asserts="0" />
                  <test-case name="typical_input" executed="True" result="Success" success="True" time="0.000" asserts="0" />
                  <test-case name="incomplete_competition_not_all_pairs_have_played" executed="True" result="Success" success="True" time="0.000" asserts="0" />
                  <test-case name="ties_broken_alphabetically" executed="True" result="Success" success="True" time="0.000" asserts="0" />
                </results>
              </test-suite>
          </results>
        </test-suite>
    </results>
  </test-suite>
</test-results>
