<?xml version="1.0" encoding="UTF-8" standalone="yes" ?>
<test-results name="C:\Users\rafpe\Exercism\delphi\pascals-triangle\PascalsTriangle.exe" total="8" errors="0" failures="0" ignored="0" inconclusive="0" not-run="0" skipped="0" invalid="0" date="2025-10-16" time="07:56:19">
  <culture-info current-culture="en" current-uiculture="en" />
  <test-suite type="Assembly" name="PascalsTriangle.exe" executed="true" result="Success" success="True" time="07:56:19" asserts="0">
    <results>
        <test-suite type="Namespace" name="uPascalsTriangleTests" executed="true" result="Success" success="True" time="0.002" asserts="0" >
          <results>
              <test-suite type="Fixture" name="TPascalsTriangleTest" executed="True" result="Success" success="True" time="0.002" >
                <results>
                  <test-case name="zero_rows" executed="True" result="Success" success="True" time="0.000" asserts="0" />
                  <test-case name="single_row" executed="True" result="Success" success="True" time="0.000" asserts="0" />
                  <test-case name="two_rows" executed="True" result="Success" success="True" time="0.000" asserts="0" />
                  <test-case name="three_rows" executed="True" result="Success" success="True" time="0.000" asserts="0" />
                  <test-case name="four_rows" executed="True" result="Success" success="True" time="0.000" asserts="0" />
                  <test-case name="five_rows" executed="True" result="Success" success="True" time="0.000" asserts="0" />
                  <test-case name="six_rows" executed="True" result="Success" success="True" time="0.000" asserts="0" />
                  <test-case name="ten_rows" executed="True" result="Success" success="True" time="0.000" asserts="0" />
                </results>
              </test-suite>
          </results>
        </test-suite>
    </results>
  </test-suite>
</test-results>
