<?xml version="1.0" encoding="UTF-8" standalone="yes" ?>
<test-results name="C:\Users\rafpe\Exercism\delphi\scrabble-score\ScrabbleScore.exe" total="11" errors="0" failures="0" ignored="0" inconclusive="0" not-run="0" skipped="0" invalid="0" date="2025-10-14" time="16:59:33">
  <culture-info current-culture="en" current-uiculture="en" />
  <test-suite type="Assembly" name="ScrabbleScore.exe" executed="true" result="Success" success="True" time="16:59:33" asserts="0">
    <results>
        <test-suite type="Namespace" name="uScrabbleScoreTests" executed="true" result="Success" success="True" time="0.002" asserts="0" >
          <results>
              <test-suite type="Fixture" name="TScrabbleScoreTest" executed="True" result="Success" success="True" time="0.002" >
                <results>
                  <test-case name="lowercase_letter" executed="True" result="Success" success="True" time="0.000" asserts="0" />
                  <test-case name="uppercase_letter" executed="True" result="Success" success="True" time="0.000" asserts="0" />
                  <test-case name="valuable_letter" executed="True" result="Success" success="True" time="0.000" asserts="0" />
                  <test-case name="short_word" executed="True" result="Success" success="True" time="0.000" asserts="0" />
                  <test-case name="short_valuable_word" executed="True" result="Success" success="True" time="0.000" asserts="0" />
                  <test-case name="medium_word" executed="True" result="Success" success="True" time="0.000" asserts="0" />
                  <test-case name="medium_valuable_word" executed="True" result="Success" success="True" time="0.000" asserts="0" />
                  <test-case name="long_mixed_case_word" executed="True" result="Success" success="True" time="0.000" asserts="0" />
                  <test-case name="english_like_word" executed="True" result="Success" success="True" time="0.000" asserts="0" />
                  <test-case name="empty_input" executed="True" result="Success" success="True" time="0.000" asserts="0" />
                  <test-case name="entire_alphabet_available" executed="True" result="Success" success="True" time="0.000" asserts="0" />
                </results>
              </test-suite>
          </results>
        </test-suite>
    </results>
  </test-suite>
</test-results>
