<?xml version="1.0" encoding="UTF-8" standalone="yes" ?>
<test-results name="C:\Users\rafpe\Exercism\delphi\hamming\Hamming.exe" total="9" errors="0" failures="0" ignored="0" inconclusive="0" not-run="0" skipped="0" invalid="0" date="2025-10-12" time="01:15:30">
  <culture-info current-culture="en" current-uiculture="en" />
  <test-suite type="Assembly" name="Hamming.exe" executed="true" result="Success" success="True" time="01:15:30" asserts="0">
    <results>
        <test-suite type="Namespace" name="uHammingTests" executed="true" result="Success" success="True" time="0.002" asserts="0" >
          <results>
              <test-suite type="Fixture" name="HammingTests" executed="True" result="Success" success="True" time="0.002" >
                <results>
                  <test-case name="empty_strands" executed="True" result="Success" success="True" time="0.000" asserts="0" />
                  <test-case name="single_letter_identical_strands" executed="True" result="Success" success="True" time="0.000" asserts="0" />
                  <test-case name="single_letter_different_strands" executed="True" result="Success" success="True" time="0.000" asserts="0" />
                  <test-case name="long_identical_strands" executed="True" result="Success" success="True" time="0.000" asserts="0" />
                  <test-case name="long_different_strands" executed="True" result="Success" success="True" time="0.000" asserts="0" />
                  <test-case name="disallow_first_strand_longer" executed="True" result="Success" success="True" time="0.000" asserts="0" />
                  <test-case name="disallow_second_strand_longer" executed="True" result="Success" success="True" time="0.000" asserts="0" />
                  <test-case name="disallow_left_empty_strand" executed="True" result="Success" success="True" time="0.000" asserts="0" />
                  <test-case name="disallow_right_empty_strand" executed="True" result="Success" success="True" time="0.000" asserts="0" />
                </results>
              </test-suite>
          </results>
        </test-suite>
    </results>
  </test-suite>
</test-results>
