<?xml version="1.0" encoding="UTF-8" standalone="yes" ?>
<test-results name="C:\Users\rafpe\Exercism\delphi\rational-numbers\RationalNumbersTest.exe" total="39" errors="0" failures="0" ignored="0" inconclusive="0" not-run="0" skipped="0" invalid="0" date="2025-10-17" time="09:54:02">
  <culture-info current-culture="en" current-uiculture="en" />
  <test-suite type="Assembly" name="RationalNumbersTest.exe" executed="true" result="Success" success="True" time="09:54:02" asserts="0">
    <results>
        <test-suite type="Namespace" name="uRationalNumbersTests" executed="true" result="Success" success="True" time="0.012" asserts="0" >
          <results>
              <test-suite type="Fixture" name="Absolute value" executed="True" result="Success" success="True" time="0.001" >
                <results>
                  <test-case name="AbsoluteValueOfAPositiveRationalNumber" executed="True" result="Success" success="True" time="0.000" asserts="0" />
                  <test-case name="AbsoluteValueOfAPositiveRationalNumberWithNegativeNumeratorAndDenominator" executed="True" result="Success" success="True" time="0.000" asserts="0" />
                  <test-case name="AbsoluteValueOfANegativeRationalNumber" executed="True" result="Success" success="True" time="0.000" asserts="0" />
                  <test-case name="AbsoluteValueOfANegativeRationalNumberWithNegativeDenominator" executed="True" result="Success" success="True" time="0.000" asserts="0" />
                  <test-case name="AbsoluteValueOfZero" executed="True" result="Success" success="True" time="0.000" asserts="0" />
                </results>
              </test-suite>
              <test-suite type="Fixture" name="Addition" executed="True" result="Success" success="True" time="0.001" >
                <results>
                  <test-case name="AddTwoPositiveRationalNumbers" executed="True" result="Success" success="True" time="0.000" asserts="0" />
                  <test-case name="AddAPositiveRationalNumberAndANegativeRationalNumber" executed="True" result="Success" success="True" time="0.000" asserts="0" />
                  <test-case name="AddTwoNegativeRationalNumbers" executed="True" result="Success" success="True" time="0.000" asserts="0" />
                  <test-case name="AddARationalNumberToItsAdditiveInverse" executed="True" result="Success" success="True" time="0.000" asserts="0" />
                </results>
              </test-suite>
              <test-suite type="Fixture" name="Division" executed="True" result="Success" success="True" time="0.001" >
                <results>
                  <test-case name="DivideTwoPositiveRationalNumbers" executed="True" result="Success" success="True" time="0.000" asserts="0" />
                  <test-case name="DivideAPositiveRationalNumberByANegativeRationalNumber" executed="True" result="Success" success="True" time="0.000" asserts="0" />
                  <test-case name="DivideTwoNegativeRationalNumbers" executed="True" result="Success" success="True" time="0.000" asserts="0" />
                  <test-case name="DivideARationalNumberByOne" executed="True" result="Success" success="True" time="0.000" asserts="0" />
                  <test-case name="DivideAWholeNumberByARationalNumber" executed="True" result="Success" success="True" time="0.000" asserts="0" />
                </results>
              </test-suite>
              <test-suite type="Fixture" name="Exponentiation of a rational number" executed="True" result="Success" success="True" time="0.003" >
                <results>
                  <test-case name="RaiseAPositiveRationalNumberToAPositiveIntegerPower" executed="True" result="Success" success="True" time="0.000" asserts="0" />
                  <test-case name="RaiseANegativeRationalNumberToAPositiveIntegerPower" executed="True" result="Success" success="True" time="0.000" asserts="0" />
                  <test-case name="RaiseZeroToAnIntegerPower" executed="True" result="Success" success="True" time="0.000" asserts="0" />
                  <test-case name="RaiseOneToAnIntegerPower" executed="True" result="Success" success="True" time="0.000" asserts="0" />
                  <test-case name="RaiseAPositiveRationalNumberToThePowerOfZero" executed="True" result="Success" success="True" time="0.000" asserts="0" />
                  <test-case name="RaiseANegativeRationalNumberToThePowerOfZero" executed="True" result="Success" success="True" time="0.000" asserts="0" />
                </results>
              </test-suite>
              <test-suite type="Fixture" name="Exponentiation of a real number to a rational number" executed="True" result="Success" success="True" time="0.001" >
                <results>
                  <test-case name="RaiseARealNumberToAPositiveRationalNumber" executed="True" result="Success" success="True" time="0.000" asserts="0" />
                  <test-case name="RaiseARealNumberToANegativeRationalNumber" executed="True" result="Success" success="True" time="0.000" asserts="0" />
                  <test-case name="RaiseARealNumberToAZeroRationalNumber" executed="True" result="Success" success="True" time="0.000" asserts="0" />
                </results>
              </test-suite>
              <test-suite type="Fixture" name="Multiplication" executed="True" result="Success" success="True" time="0.002" >
                <results>
                  <test-case name="MultiplyTwoPositiveRationalNumbers" executed="True" result="Success" success="True" time="0.000" asserts="0" />
                  <test-case name="MultiplyANegativeRationalNumberByAPositiveRationalNumber" executed="True" result="Success" success="True" time="0.000" asserts="0" />
                  <test-case name="MultiplyTwoNegativeRationalNumbers" executed="True" result="Success" success="True" time="0.000" asserts="0" />
                  <test-case name="MultiplyARationalNumberByItsReciprocal" executed="True" result="Success" success="True" time="0.000" asserts="0" />
                  <test-case name="MultiplyARationalNumberByOne" executed="True" result="Success" success="True" time="0.000" asserts="0" />
                  <test-case name="MultiplyARationalNumberByZero" executed="True" result="Success" success="True" time="0.000" asserts="0" />
                </results>
              </test-suite>
              <test-suite type="Fixture" name="Reduction to lowest terms" executed="True" result="Success" success="True" time="0.002" >
                <results>
                  <test-case name="ReduceAPositiveRationalNumberToLowestTerms" executed="True" result="Success" success="True" time="0.000" asserts="0" />
                  <test-case name="ReduceANegativeRationalNumberToLowestTerms" executed="True" result="Success" success="True" time="0.000" asserts="0" />
                  <test-case name="ReduceARationalNumberWithANegativeDenominatorToLowestTerms" executed="True" result="Success" success="True" time="0.000" asserts="0" />
                  <test-case name="ReduceZeroToLowestTerms" executed="True" result="Success" success="True" time="0.000" asserts="0" />
                  <test-case name="ReduceAnIntegerToLowestTerms" executed="True" result="Success" success="True" time="0.000" asserts="0" />
                  <test-case name="ReduceOneToLowestTerms" executed="True" result="Success" success="True" time="0.000" asserts="0" />
                </results>
              </test-suite>
              <test-suite type="Fixture" name="Subtraction" executed="True" result="Success" success="True" time="0.001" >
                <results>
                  <test-case name="SubtractTwoPositiveRationalNumbers" executed="True" result="Success" success="True" time="0.000" asserts="0" />
                  <test-case name="SubtractAPositiveRationalNumberAndANegativeRationalNumber" executed="True" result="Success" success="True" time="0.000" asserts="0" />
                  <test-case name="SubtractTwoNegativeRationalNumbers" executed="True" result="Success" success="True" time="0.000" asserts="0" />
                  <test-case name="SubtractARationalNumberFromItself" executed="True" result="Success" success="True" time="0.000" asserts="0" />
                </results>
              </test-suite>
          </results>
        </test-suite>
    </results>
  </test-suite>
</test-results>
